<?xml version="1.0" encoding="UTF-8"?>
<testng-results ignored="0" total="1" passed="1" failed="0" skipped="0">
  <reporter-output>
  </reporter-output>
  <suite started-at="2023-01-09T18:54:47 IST" name="Default suite" finished-at="2023-01-09T18:55:07 IST" duration-ms="19862">
    <groups>
    </groups>
    <test started-at="2023-01-09T18:54:47 IST" name="Default test" finished-at="2023-01-09T18:55:07 IST" duration-ms="19862">
      <class name="TestCases.excelpratice">
        <test-method is-config="true" signature="setup()[pri:0, instance:TestCases.excelpratice@32eff876]" started-at="2023-01-09T18:54:47 IST" name="setup" finished-at="2023-01-09T18:55:02 IST" duration-ms="14704" status="PASS">
          <reporter-output>
          </reporter-output>
        </test-method> <!-- setup -->
        <test-method signature="creatingxl()[pri:0, instance:TestCases.excelpratice@32eff876]" started-at="2023-01-09T18:55:02 IST" name="creatingxl" finished-at="2023-01-09T18:55:07 IST" duration-ms="5106" status="PASS">
          <reporter-output>
          </reporter-output>
        </test-method> <!-- creatingxl -->
        <test-method is-config="true" signature="tearDown()[pri:0, instance:TestCases.excelpratice@32eff876]" started-at="2023-01-09T18:55:07 IST" name="tearDown" finished-at="2023-01-09T18:55:07 IST" duration-ms="1" status="PASS">
          <reporter-output>
          </reporter-output>
        </test-method> <!-- tearDown -->
      </class> <!-- TestCases.excelpratice -->
    </test> <!-- Default test -->
  </suite> <!-- Default suite -->
</testng-results>
